Release 14.7 - ngc2edif P.20131013 (lin)
Copyright (c) 1995-2013 Xilinx, Inc.  All rights reserved.
Reading design Beamformer.ngc ...
WARNING:NetListWriters:298 - No output is written to Beamformer.xncf, ignored.
Processing design ...
   Preping design's networks ...
   Preping design's macros ...
  finished :Prep
Writing EDIF netlist file Beamformer.edif ...
ngc2edif: Total memory usage is 41236 kilobytes

Release 14.7 - ngc2edif P.20131013 (lin)
Copyright (c) 1995-2013 Xilinx, Inc.  All rights reserved.
Reading design Beamformer.ngc ...
WARNING:NetListWriters:298 - No output is written to Beamformer.xncf, ignored.
Processing design ...
   Preping design's networks ...
   Preping design's macros ...
  finished :Prep
Writing EDIF netlist file Beamformer.edif ...
ngc2edif: Total memory usage is 41232 kilobytes

Release 14.7 - ngc2edif P.20131013 (lin)
Copyright (c) 1995-2013 Xilinx, Inc.  All rights reserved.
Reading design Beamformer.ngc ...
WARNING:NetListWriters:298 - No output is written to Beamformer.xncf, ignored.
Processing design ...
   Preping design's networks ...
   Preping design's macros ...
  finished :Prep
Writing EDIF netlist file Beamformer.edif ...
ngc2edif: Total memory usage is 41236 kilobytes

